[livedemo.zemez.io/html/reckondit/index.html]
[backblue.gif]
[fade.gif]
[index.html]
[livedemo.zemez.io/html/reckondit/images/favicon.ico]
[livedemo.zemez.io/html/reckondit/css/bootstrap.css]
[livedemo.zemez.io/html/reckondit/css/fonts.css]
[livedemo.zemez.io/html/reckondit/css/style.css]
[livedemo.zemez.io/html/reckondit/images/logo-141x34.png]
[livedemo.zemez.io/html/reckondit/about-us.html]
[livedemo.zemez.io/html/reckondit/services.html]
[livedemo.zemez.io/html/reckondit/single-service.html]
[livedemo.zemez.io/html/reckondit/blog-grid.html]
[livedemo.zemez.io/html/reckondit/blog-post.html]
[livedemo.zemez.io/html/reckondit/team.html]
[livedemo.zemez.io/html/reckondit/team-member.html]
[livedemo.zemez.io/html/reckondit/search-results.html]
[livedemo.zemez.io/html/reckondit/privacy-policy.html]
[livedemo.zemez.io/html/reckondit/contact-us.html]
[livedemo.zemez.io/html/reckondit/headers.html]
[livedemo.zemez.io/html/reckondit/footers.html]
[livedemo.zemez.io/html/reckondit/brands.html]
[livedemo.zemez.io/html/reckondit/call-to-action.html]
[livedemo.zemez.io/html/reckondit/features.html]
[livedemo.zemez.io/html/reckondit/forms.html]
[livedemo.zemez.io/html/reckondit/gallery.html]
[livedemo.zemez.io/html/reckondit/gallery-album.html]
[livedemo.zemez.io/html/reckondit/maps.html]
[livedemo.zemez.io/html/reckondit/services-page.html]
[livedemo.zemez.io/html/reckondit/subscribe-forms.html]
[livedemo.zemez.io/html/reckondit/sliders.html]
[livedemo.zemez.io/html/reckondit/blog-masonry.html]
[livedemo.zemez.io/html/reckondit/testimonials.html]
[livedemo.zemez.io/html/reckondit/blog-classic.html]
[livedemo.zemez.io/html/reckondit/images/home-slider-1-slide-1.jpg]
[livedemo.zemez.io/html/reckondit/images/home-slider-1-slide-2.jpg]
[livedemo.zemez.io/html/reckondit/images/team-1-151x151.jpg]
[livedemo.zemez.io/html/reckondit/images/team-2-151x151.jpg]
[livedemo.zemez.io/html/reckondit/images/team-3-151x151.jpg]
[livedemo.zemez.io/html/reckondit/images/testimonials-1-70x70.jpg]
[livedemo.zemez.io/html/reckondit/images/testimonials-2-70x70.jpg]
[livedemo.zemez.io/html/reckondit/images/testimonials-3-70x70.jpg]
[livedemo.zemez.io/html/reckondit/images/testimonials-4-70x70.jpg]
[livedemo.zemez.io/html/reckondit/images/home-4-946x689.jpg]
[livedemo.zemez.io/html/reckondit/images/home-1-322x219.jpg]
[livedemo.zemez.io/html/reckondit/images/home-2-322x219.jpg]
[livedemo.zemez.io/html/reckondit/images/home-3-322x219.jpg]
[livedemo.zemez.io/html/reckondit/images/logo-light-282x68.png]
[livedemo.zemez.io/html/reckondit/images/post-preview-1-70x70.jpg]
[livedemo.zemez.io/html/reckondit/images/post-preview-2-70x70.jpg]
[livedemo.zemez.io/html/reckondit/images/novi-icon-26x26.png]
[livedemo.zemez.io/cdn-cgi/scripts/5c5dd728/cloudflare-static/email-decode.min.js]
[livedemo.zemez.io/html/reckondit/index.html]
[livedemo.zemez.io/html/reckondit/css/bootstrap.css]
[livedemo.zemez.io/html/reckondit/js/script.js]
[livedemo.zemez.io/html/reckondit/js/core.min.js]
[livedemo.zemez.io/html/reckondit/fonts/fontawesome-webfont3295.eot]
[livedemo.zemez.io/html/reckondit/fonts/fontawesome-webfontd41d.eot]
[livedemo.zemez.io/html/reckondit/fonts/fontawesome-webfont3295.woff2]
[livedemo.zemez.io/html/reckondit/fonts/fontawesome-webfont3295.woff]
[livedemo.zemez.io/html/reckondit/fonts/fontawesome-webfont3295.ttf]
[livedemo.zemez.io/html/reckondit/fonts/fontawesome-webfont3295.svg]
[livedemo.zemez.io/html/reckondit/fonts/MaterialIcons-Regular.eot]
[livedemo.zemez.io/html/reckondit/fonts/MaterialIcons-Regular.woff2]
[livedemo.zemez.io/html/reckondit/fonts/MaterialIcons-Regular.woff]
[livedemo.zemez.io/html/reckondit/fonts/MaterialIcons-Regular.ttf]
[livedemo.zemez.io/html/reckondit/fonts/materialdesignicons-webfont14e6.eot]
[livedemo.zemez.io/html/reckondit/fonts/materialdesignicons-webfontd41d.eot]
[livedemo.zemez.io/html/reckondit/fonts/materialdesignicons-webfont14e6.woff2]
[livedemo.zemez.io/html/reckondit/fonts/materialdesignicons-webfont14e6.woff]
[livedemo.zemez.io/html/reckondit/fonts/materialdesignicons-webfont14e6.ttf]
[livedemo.zemez.io/html/reckondit/fonts/fl-flat-icons-set-2.eot]
[livedemo.zemez.io/html/reckondit/fonts/materialdesignicons-webfont14e6.svg]
[livedemo.zemez.io/html/reckondit/fonts/fl-flat-icons-set-2.woff]
[livedemo.zemez.io/html/reckondit/fonts/fl-flat-icons-set-2.ttf]
[livedemo.zemez.io/html/reckondit/fonts/fl-flat-icons-set-2.svg]
[livedemo.zemez.io/html/reckondit/fonts/fl-bigmug-line.eot]
[livedemo.zemez.io/html/reckondit/fonts/fl-bigmug-line.woff]
[livedemo.zemez.io/html/reckondit/fonts/fl-bigmug-line.ttf]
[livedemo.zemez.io/html/reckondit/fonts/fl-bigmug-line.svg]
[livedemo.zemez.io/html/reckondit/fonts/36-slim-icons.eot]
[livedemo.zemez.io/html/reckondit/fonts/36-slim-icons.woff]
[livedemo.zemez.io/html/reckondit/fonts/36-slim-icons.ttf]
[livedemo.zemez.io/html/reckondit/fonts/36-slim-icons.svg]
[livedemo.zemez.io/html/reckondit/fonts/fl-puppets.eot]
[livedemo.zemez.io/html/reckondit/fonts/fl-puppets.woff]
[livedemo.zemez.io/html/reckondit/fonts/fl-puppets.ttf]
[livedemo.zemez.io/html/reckondit/fonts/fl-puppets.svg]
[livedemo.zemez.io/html/reckondit/fonts/Thin-Regularacad.eot]
[livedemo.zemez.io/html/reckondit/fonts/Thin-Regularacad.woff]
[livedemo.zemez.io/html/reckondit/fonts/Thin-Regularacad.ttf]
[livedemo.zemez.io/html/reckondit/css/fonts.css]
[livedemo.zemez.io/html/reckondit/fonts/Thin-Regularacad.svg]
[livedemo.zemez.io/html/reckondit/images/divider-triangle.png]
[livedemo.zemez.io/html/reckondit/images/textarea-pattern-light.png]
[livedemo.zemez.io/html/reckondit/images/icon-1.png]
[livedemo.zemez.io/html/reckondit/images/icon-2.png]
[livedemo.zemez.io/html/reckondit/images/icon-3.png]
[livedemo.zemez.io/html/reckondit/images/icon-4.png]
[livedemo.zemez.io/html/reckondit/images/icon-5.png]
[livedemo.zemez.io/html/reckondit/images/icon-6.png]
[livedemo.zemez.io/html/reckondit/fonts/lgd641.eot]
[livedemo.zemez.io/html/reckondit/fonts/lgd41d.eot]
[livedemo.zemez.io/html/reckondit/fonts/lgd641.woff]
[livedemo.zemez.io/html/reckondit/fonts/lgd641.ttf]
[livedemo.zemez.io/html/reckondit/fonts/lgd641.svg]
[livedemo.zemez.io/html/reckondit/images/vimeo-play.png]
[livedemo.zemez.io/html/reckondit/images/video-play.png]
[livedemo.zemez.io/html/reckondit/images/youtube-play.png]
[livedemo.zemez.io/html/reckondit/images/loading.gif]
[livedemo.zemez.io/html/reckondit/images/owl-nav-modern.png]
[livedemo.zemez.io/html/reckondit/images/owl-nav-modern-white-prev.png]
[livedemo.zemez.io/html/reckondit/images/owl-nav-modern-white.png]
[livedemo.zemez.io/html/reckondit/css/style.css]
[livedemo.zemez.io/html/reckondit/images/bg-image-1.jpg]
[livedemo.zemez.io/html/reckondit/images/about-1.jpg]
[livedemo.zemez.io/html/reckondit/images/about-2.jpg]
[livedemo.zemez.io/html/reckondit/images/clients-testimonials-parallax-2.jpg]
[livedemo.zemez.io/html/reckondit/images/clients-testimonials-7-113x113.jpg]
[livedemo.zemez.io/html/reckondit/images/clients-testimonials-8-113x113.jpg]
[livedemo.zemez.io/html/reckondit/about-us.html]
[livedemo.zemez.io/html/reckondit/images/clients-testimonials-9-113x113.jpg]
[livedemo.zemez.io/html/reckondit/images/services-6-370x220.jpg]
[livedemo.zemez.io/html/reckondit/images/services-7-370x220.jpg]
[livedemo.zemez.io/html/reckondit/images/services-8-370x220.jpg]
[livedemo.zemez.io/html/reckondit/images/services-9-370x220.jpg]
[livedemo.zemez.io/html/reckondit/images/services-10-370x220.jpg]
[livedemo.zemez.io/html/reckondit/services.html]
[livedemo.zemez.io/html/reckondit/images/services-11-370x220.jpg]
[livedemo.zemez.io/html/reckondit/images/services-2-132x83.png]
[livedemo.zemez.io/html/reckondit/images/services-1-461x514.jpg]
[livedemo.zemez.io/html/reckondit/images/services-3-169x68.png]
[livedemo.zemez.io/html/reckondit/images/services-4-141x88.png]
[livedemo.zemez.io/html/reckondit/images/services-5-138x55.png]
[livedemo.zemez.io/html/reckondit/single-service.html]
[livedemo.zemez.io/html/reckondit/images/services-1.jpg]
[livedemo.zemez.io/html/reckondit/images/bg-image-7.jpg]
[livedemo.zemez.io/html/reckondit/images/blog-grid-1-570x253.jpg]
[livedemo.zemez.io/html/reckondit/images/blog-grid-2-570x253.jpg]
[livedemo.zemez.io/html/reckondit/images/blog-grid-3-570x253.jpg]
[livedemo.zemez.io/html/reckondit/images/blog-grid-4-570x253.jpg]
[livedemo.zemez.io/html/reckondit/blog-grid.html]
[livedemo.zemez.io/html/reckondit/images/blog-grid-5-570x253.jpg]
[livedemo.zemez.io/html/reckondit/images/post-1-870x412.jpg]
[livedemo.zemez.io/html/reckondit/blog-post.html]
[livedemo.zemez.io/html/reckondit/images/post-preview-3-70x70.jpg]
[livedemo.zemez.io/html/reckondit/images/team-9-246x300.jpg]
[livedemo.zemez.io/html/reckondit/images/team-10-246x300.jpg]
[livedemo.zemez.io/html/reckondit/images/team-11-246x300.jpg]
[livedemo.zemez.io/html/reckondit/images/team-12-246x300.jpg]
[livedemo.zemez.io/html/reckondit/images/team-13-246x190.jpg]
[livedemo.zemez.io/html/reckondit/images/team-14-246x190.jpg]
[livedemo.zemez.io/html/reckondit/images/team-15-246x190.jpg]
[livedemo.zemez.io/html/reckondit/team.html]
[livedemo.zemez.io/html/reckondit/images/team-16-246x190.jpg]
[livedemo.zemez.io/html/reckondit/images/profile-1-570x570.jpg]
[livedemo.zemez.io/html/reckondit/images/gallery-1-1170x781_original.jpg]
[livedemo.zemez.io/html/reckondit/images/gallery-grid-1-370x278.jpg]
[livedemo.zemez.io/html/reckondit/images/gallery-2-600x772_original.jpg]
[livedemo.zemez.io/html/reckondit/images/gallery-grid-2-370x278.jpg]
[livedemo.zemez.io/html/reckondit/images/gallery-3-1170x780_original.jpg]
[livedemo.zemez.io/html/reckondit/images/gallery-grid-3-370x278.jpg]
[livedemo.zemez.io/html/reckondit/images/gallery-4-1170x780_original.jpg]
[livedemo.zemez.io/html/reckondit/images/gallery-grid-4-370x278.jpg]
[livedemo.zemez.io/html/reckondit/images/gallery-grid-5-370x278.jpg]
[livedemo.zemez.io/html/reckondit/team-member.html]
[livedemo.zemez.io/html/reckondit/privacy-policy.html]
[livedemo.zemez.io/html/reckondit/search-results.html]
[livedemo.zemez.io/html/reckondit/contact-us.html]
[livedemo.zemez.io/html/reckondit/images/gallery-5-1170x841_original.jpg]
[livedemo.zemez.io/html/reckondit/images/gallery-grid-6-370x278.jpg]
[livedemo.zemez.io/html/reckondit/images/gallery-6-1170x780_original.jpg]
[livedemo.zemez.io/html/reckondit/header-corporate-dark.html]
[livedemo.zemez.io/html/reckondit/header-default.html]
[livedemo.zemez.io/html/reckondit/headers.html]
[livedemo.zemez.io/html/reckondit/header-corporate-light.html]
[livedemo.zemez.io/html/reckondit/careers.html]
[livedemo.zemez.io/html/reckondit/footers.html]
[livedemo.zemez.io/html/reckondit/images/clients-1-126x68.png]
[livedemo.zemez.io/html/reckondit/images/clients-2-126x100.png]
[livedemo.zemez.io/html/reckondit/images/clients-3-132x83.png]
[livedemo.zemez.io/html/reckondit/images/clients-4-169x68.png]
[livedemo.zemez.io/html/reckondit/images/clients-7-104x84.png]
[livedemo.zemez.io/html/reckondit/images/clients-8-144x68.png]
[livedemo.zemez.io/html/reckondit/images/clients-9-105x94.png]
[livedemo.zemez.io/html/reckondit/images/clients-10-95x101.png]
[livedemo.zemez.io/html/reckondit/images/clients-5-141x88.png]
[livedemo.zemez.io/html/reckondit/images/clients-11-126x68.png]
[livedemo.zemez.io/html/reckondit/images/clients-6-138x55.png]
[livedemo.zemez.io/html/reckondit/images/clients-12-132x83.png]
[livedemo.zemez.io/html/reckondit/brands.html]
[livedemo.zemez.io/html/reckondit/call-to-action.html]
[livedemo.zemez.io/html/reckondit/features.html]
[livedemo.zemez.io/html/reckondit/forms.html]
[livedemo.zemez.io/html/reckondit/images/gallery-7-1170x781_original.jpg]
[livedemo.zemez.io/html/reckondit/images/gallery-grid-7-370x278.jpg]
[livedemo.zemez.io/html/reckondit/images/gallery-grid-8-370x278.jpg]
[livedemo.zemez.io/html/reckondit/images/gallery-8-1170x780_original.jpg]
[livedemo.zemez.io/html/reckondit/images/gallery-9-1170x780_original.jpg]
[livedemo.zemez.io/html/reckondit/images/gallery-grid-9-370x278.jpg]
[livedemo.zemez.io/html/reckondit/images/gallery-masonry-2-370x278.jpg]
[livedemo.zemez.io/html/reckondit/images/gallery-masonry-1-770x586.jpg]
[livedemo.zemez.io/html/reckondit/images/gallery-masonry-3-371x587.jpg]
[livedemo.zemez.io/html/reckondit/images/gallery-masonry-4-373x279.jpg]
[livedemo.zemez.io/html/reckondit/images/gallery-masonry-5-373x279.jpg]
[livedemo.zemez.io/html/reckondit/images/gallery-masonry-6-769x384.jpg]
[livedemo.zemez.io/html/reckondit/images/gallery-masonry-7-371x384.jpg]
[livedemo.zemez.io/html/reckondit/images/gallery-cobbles-1-390x601.jpg]
[livedemo.zemez.io/html/reckondit/images/gallery-cobbles-2-390x301.jpg]
[livedemo.zemez.io/html/reckondit/images/gallery-cobbles-3-390x301.jpg]
[livedemo.zemez.io/html/reckondit/images/gallery-cobbles-4-780x300.jpg]
[livedemo.zemez.io/html/reckondit/images/gallery-cobbles-5-780x600.jpg]
[livedemo.zemez.io/html/reckondit/images/gallery-cobbles-6-390x300.jpg]
[livedemo.zemez.io/html/reckondit/gallery.html]
[livedemo.zemez.io/html/reckondit/gallery-album.html]
[livedemo.zemez.io/html/reckondit/images/gallery-cobbles-7-390x300.jpg]
[livedemo.zemez.io/html/reckondit/images/gmap_marker_active.png]
[livedemo.zemez.io/html/reckondit/maps.html]
[livedemo.zemez.io/html/reckondit/images/careers-1-1171x519.jpg]
[livedemo.zemez.io/html/reckondit/images/careers-2-1171x519.jpg]
[livedemo.zemez.io/html/reckondit/images/careers-3-1171x519.jpg]
[livedemo.zemez.io/html/reckondit/services-page.html]
[livedemo.zemez.io/html/reckondit/images/careers-4-1171x519.jpg]
[livedemo.zemez.io/html/reckondit/subscribe-forms.html]
[livedemo.zemez.io/html/reckondit/images/bg-image-3.jpg]
[livedemo.zemez.io/html/reckondit/sliders.html]
[livedemo.zemez.io/html/reckondit/images/clients-testimonials-1-68x68.jpg]
[livedemo.zemez.io/html/reckondit/images/clients-testimonials-2-68x68.jpg]
[livedemo.zemez.io/html/reckondit/images/bg-image-5.jpg]
[livedemo.zemez.io/html/reckondit/testimonials.html]
[livedemo.zemez.io/html/reckondit/images/clients-testimonials-3-68x68.jpg]
[livedemo.zemez.io/html/reckondit/images/blog-masonry-1-570x321.jpg]
[livedemo.zemez.io/html/reckondit/images/blog-masonry-2-570x321.jpg]
[livedemo.zemez.io/html/reckondit/blog-masonry.html]
[livedemo.zemez.io/html/reckondit/images/blog-masonry-3-570x321.jpg]
[livedemo.zemez.io/html/reckondit/images/blog-classic-1-971x649.jpg]
[livedemo.zemez.io/html/reckondit/images/blog-classic-2-113x113.jpg]
[livedemo.zemez.io/html/reckondit/images/blog-classic-3-113x113.jpg]
[livedemo.zemez.io/html/reckondit/images/blog-classic-5-970x546.jpg]
[livedemo.zemez.io/html/reckondit/images/blog-classic-4-113x113.jpg]
[livedemo.zemez.io/html/reckondit/images/blog-classic-6-970x546.jpg]
[livedemo.zemez.io/html/reckondit/images/blog-classic-7-970x546.jpg]
[livedemo.zemez.io/html/reckondit/blog-classic.html]
[livedemo.zemez.io/html/reckondit/images/logo-light-282x68.html]
[livedemo.zemez.io/html/reckondit/fonts/fontawesome-webfont3295.svg]
[livedemo.zemez.io/html/reckondit/images/blog-classic-8-113x113.jpg]
[livedemo.zemez.io/html/reckondit/fonts/materialdesignicons-webfont14e6.svg]
[livedemo.zemez.io/html/reckondit/fonts/fl-flat-icons-set-2.svg]
[livedemo.zemez.io/html/reckondit/fonts/fl-bigmug-line.svg]
[livedemo.zemez.io/html/reckondit/fonts/36-slim-icons.svg]
[livedemo.zemez.io/html/reckondit/fonts/fl-puppets.svg]
[livedemo.zemez.io/html/reckondit/fonts/Thin-Regularacad.svg]
[livedemo.zemez.io/html/reckondit/images/icon-1.html]
[livedemo.zemez.io/html/reckondit/images/icon-2.html]
[livedemo.zemez.io/html/reckondit/images/icon-3.html]
[livedemo.zemez.io/html/reckondit/images/icon-4.html]
[livedemo.zemez.io/html/reckondit/images/icon-5.html]
[livedemo.zemez.io/html/reckondit/images/icon-6.html]
[livedemo.zemez.io/html/reckondit/fonts/lgd641.svg]
[livedemo.zemez.io/html/reckondit/header-corporate-dark.html]
[livedemo.zemez.io/html/reckondit/header-default.html]
[livedemo.zemez.io/html/reckondit/header-corporate-light.html]
[livedemo.zemez.io/html/reckondit/careers.html]
